


ARM Macro Assembler    Page 1 


    1 00000000 E0028000 
                       IO0BASE EQU              0xE0028000
    2 00000000         ;IO0PIN  EQU  0
    3 00000000 00000008 
                       IO0DIR  EQU              0x8
    4 00000000 00000004 
                       IO0SET  EQU              0x4         ;(forcing high, lig
                                                            hts turn off) 
    5 00000000 0000000C 
                       IO0CLR  EQU              0xC         ;(forcing low, so l
                                                            ights are on)
    6 00000000 00000001 
                       delayone
                               EQU              0x1         ;00061A80
    7 00000000         ;IO0PIN  EQU  0xE0028000 
    8 00000000         
    9 00000000         ; Standard definitions of Mode bits and Interrupt (I & F
                       ) flags in PSR s
   10 00000000 00000100 
                       Len_SVC_Stack
                               EQU              0x100       ; # of bytes assign
                                                            ed to the stack in 
                                                            Supervisor mode
   11 00000000 00000200 
                       Len_FIQ_Stack
                               EQU              0x200       ; # of bytes assign
                                                            ed to the stack in 
                                                            FIQ mode 
   12 00000000 00000090 
                       Len_IRQ_Stack
                               EQU              0x90        ; # of bytes assign
                                                            ed to the stack in 
                                                            IRQ mode 
   13 00000000 00000080 
                       Len_UND_Stack
                               EQU              0x80        ; # of bytes assign
                                                            ed to the stack in 
                                                            Undefined mode
   14 00000000 00000080 
                       Len_ABT_Stack
                               EQU              0x80        ; # of bytes assign
                                                            ed to the stack in 
                                                            Abort mode
   15 00000000 00000200 
                       Len_SWI_Stack
                               EQU              0x00000200
   16 00000000 00000300 
                       IRQ_Stack
                               EQU              0x00000300
   17 00000000 00000400 
                       FIQ_Stack
                               EQU              0x00000400
   18 00000000         
   19 00000000 00000010 
                       Mode_USR
                               EQU              0x10        ; Mode bits for USR
                                                             mode
   20 00000000 00000013 
                       Mode_SVC



ARM Macro Assembler    Page 2 


                               EQU              0x13        ; Mode bits for Sup
                                                            ervisor mode
   21 00000000 00000013 
                       Mode_SWI
                               EQU              0x13
   22 00000000 0000001B 
                       Mode_UND
                               EQU              0x1B        ; Mode bits for Und
                                                            efined mode
   23 00000000 00000012 
                       Mode_IRQ
                               EQU              0x12        ; Mode bits for IRQ
                                                             mode
   24 00000000 00000011 
                       Mode_FIQ
                               EQU              0x11        ; Mode bits for FIQ
                                                             mode
   25 00000000 00000017 
                       Mode_ABT
                               EQU              0x17        ; Mode bits for ABT
                                                             mode
   26 00000000         
   27 00000000         ;Defintions of User Mode Stack and Size
   28 00000000 40000000 
                       SRAM_BASE
                               EQU              0x40000000  ; Starting address 
                                                            of the SRAM
   29 00000000 00000080 
                       I_Bit   EQU              0x80        ; when I bit is set
                                                            , IRQ is disabled 
   30 00000000 00000040 
                       F_Bit   EQU              0x40        ; when F bit is set
                                                            , FIQ is disabled  
                                                            
   31 00000000 00000100 
                       USR_Stack_Size
                               EQU              0x00000100
   32 00000000 40000000 
                       SRAM    EQU              0X40000000
   33 00000000 40000100 
                       Stack_Top
                               EQU              SRAM+USR_Stack_Size
   34 00000000         
   35 00000000                 AREA             RESET, CODE, READONLY ;make sur
                                                            e RESET is capitali
                                                            zed
   36 00000000                 ENTRY
   37 00000000                 ARM
   38 00000000                 IMPORT           user_code
   39 00000000                 IMPORT           RTN
   40 00000000         
   41 00000000         VECTORS
   42 00000000         
   43 00000000 E59FF018        LDR              PC,Reset_Addr
   44 00000004 E59FF018        LDR              PC,Undef_Addr
   45 00000008 E59FF018        LDR              PC,SWI_Addr
   46 0000000C E59FF018        LDR              PC,PAbt_Addr
   47 00000010 E59FF018        LDR              PC,DAbt_Addr
   48 00000014 E1A00000        NOP



ARM Macro Assembler    Page 3 


   49 00000018 E59FF018        LDR              PC,IRQ_Addr
   50 0000001C E59FF018        LDR              PC,FIQ_Addr
   51 00000020         
   52 00000020 00000000 
                       Reset_Addr
                               DCD              Reset_Handler
   53 00000024 00000000 
                       Undef_Addr
                               DCD              UndefHandler
   54 00000028 00000000 
                       SWI_Addr
                               DCD              SWIHandler
   55 0000002C 00000000 
                       PAbt_Addr
                               DCD              PAbtHandler
   56 00000030 00000000 
                       DAbt_Addr
                               DCD              DAbtHandler
   57 00000034 00000000        DCD              0
   58 00000038 00000000 
                       IRQ_Addr
                               DCD              IRQHandler
   59 0000003C 00000000 
                       FIQ_Addr
                               DCD              FIQHandler
   60 00000040         
   61 00000040         ;SWIHandler   B   SWIHandler
   62 00000040 EAFFFFFE 
                       PAbtHandler
                               B                PAbtHandler
   63 00000044 EAFFFFFE 
                       DAbtHandler
                               B                DAbtHandler
   64 00000048         ;IRQHandler   B   IRQHandler
   65 00000048         ;FIQHandler   B   FIQHandler
   66 00000048 EAFFFFFE 
                       UndefHandler
                               B                UndefHandler
   67 0000004C         
   68 0000004C         SWIHandler
   69 0000004C E55E9004        LDRB             r9,[LR,#-4]
   70 00000050 E3590000        CMP              r9, #0
   71 00000054 0A000005        BEQ              turnoff
   72 00000058 E3590001        CMP              r9, #1
   73 0000005C 0A000007        BEQ              lighton
   74 00000060 E3590002        CMP              r9, #2
   75 00000064 0A000009        BEQ              firstfour
   76 00000068 E3590003        CMP              r9, #3
   77 0000006C 0A00000B        BEQ              lastfour
   78 00000070         
   79 00000070         turnoff                              ;turning off ALL LE
                                                            Ds, (forcing a high
                                                            ) (binary 111111110
                                                            0000000)
   80 00000070 E3A00CFF        MOV              r0,#0x0000FF00 ;LDR for this?
   81 00000074 E59F10B4        LDR              r1,=IO0BASE
   82 00000078 E5810004        STR              r0,[r1,#IO0SET]
   83 0000007C E1B0F00E        MOVS             PC,LR
   84 00000080         



ARM Macro Assembler    Page 4 


   85 00000080         lighton                              ;turning on ALL LED
                                                            S
   86 00000080 E3A00CFF        MOV              r0,#0x0000FF00
   87 00000084 E59F10A4        LDR              r1,=IO0BASE
   88 00000088 E581000C        STR              r0,[r1,#IO0CLR]
   89 0000008C E1B0F00E        MOVS             PC, LR
   90 00000090         
   91 00000090         firstfour
   92 00000090         ;LDR R0,[LR,#-3]
   93 00000090 E3A00A0F        MOV              r0,#0x0000F000 ;turns on first 
                                                            4 (0000)11110000000
                                                            0
   94 00000094 E59F1094        LDR              r1,=IO0BASE
   95 00000098 E581000C        STR              r0,[r1,#IO0CLR]
   96 0000009C E1B0F00E        MOVS             PC, LR
   97 000000A0         
   98 000000A0         lastfour
   99 000000A0         ;LDR R0,[LR,#-3]
  100 000000A0 E3A00C0F        MOV              r0,#0x00000F00 ;turns on last 4
                                                             1111(0000)00000000
                                                            
  101 000000A4 E59F1084        LDR              r1,=IO0BASE
  102 000000A8 E581000C        STR              r0,[r1,#IO0CLR]
  103 000000AC E1B0F00E        MOVS             PC, LR
  104 000000B0         
  105 000000B0         IRQHandler
  106 000000B0         
  107 000000B0 E3A00A0F        MOV              r0,#0x0000F000 ;turns on first 
                                                            4 (0000)11110000000
                                                            0
  108 000000B4 E59F1074        LDR              r1,=IO0BASE
  109 000000B8 E581000C        STR              r0,[r1,#IO0CLR]
  110 000000BC E3A05001        LDR              r5,=delayone
  111 000000C0         
  112 000000C0 EBFFFFFE        BL               RTN
  113 000000C4         
  114 000000C4 E3A03001        LDR              r3,=0x1
  115 000000C8 E59F4064        LDR              r4,=0xE01FC140
  116 000000CC E5843000        STR              r3, [r4]
  117 000000D0         
  118 000000D0 E25EF004        SUBS             pc, lr, #4  ;copy LR_irq - 4 to
                                                             PC and copy curren
                                                            t SPSR to CPSR
  119 000000D4         
  120 000000D4         FIQHandler
  121 000000D4         
  122 000000D4 E3A00C0F        MOV              r0,#0x0000F00 ;turns on first 4
                                                             (0000)111100000000
                                                            
  123 000000D8 E59F1050        LDR              r1,=IO0BASE
  124 000000DC E581000C        STR              r0,[r1,#IO0CLR]
  125 000000E0 E3A05001        LDR              r5,=delayone
  126 000000E4         
  127 000000E4 EBFFFFFE        BL               RTN
  128 000000E8         
  129 000000E8 E3A03008        LDR              r3,=0x8
  130 000000EC E59F4040        LDR              r4,=0xE01FC140
  131 000000F0 E5843000        STR              r3, [r4]
  132 000000F4         



ARM Macro Assembler    Page 5 


  133 000000F4 E25EF004        SUBS             pc, lr , #4 ;copy LR_irq - 4 to
                                                             PC and copy curren
                                                            t SPSR to CPSR
  134 000000F8         
  135 000000F8         Reset_Handler
  136 000000F8         
  137 000000F8 E59F0038        LDR              r0,=SRAM+FIQ_Stack
  138 000000FC E321F0D1        MSR              CPSR_c,#Mode_FIQ+I_Bit+F_Bit
  139 00000100 E1A0D000        MOV              sp,r0
  140 00000104         
  141 00000104 E59F0030        LDR              r0,=SRAM+IRQ_Stack
  142 00000108 E321F0D2        MSR              CPSR_c,#Mode_IRQ+I_Bit+F_Bit
  143 0000010C E1A0D000        MOV              sp,r0
  144 00000110         
  145 00000110 E59F0028        LDR              r0,=SRAM+Len_SWI_Stack
  146 00000114 E321F0D3        MSR              CPSR_c,#Mode_SWI+I_Bit+F_Bit
  147 00000118 E1A0D000        MOV              sp,r0
  148 0000011C         
  149 0000011C         ;take out files that are missing; take out delay in user
                        code;
  150 0000011C         
  151 0000011C         ;initialize the stack, full descending
  152 0000011C E59FD020        LDR              SP, =Stack_Top
  153 00000120         ; Enter User Mode with interrupts enabled
  154 00000120 E3A0E010        MOV              r14, #Mode_USR
  155 00000124 E3CEE0C0        BIC              r14,r14,#(I_Bit+F_Bit)
  156 00000128 E121F00E        MSR              cpsr_c, r14
  157 0000012C         ;load start address of user code into PC
  158 0000012C E59FF014        LDR              pc, =user_code
  159 00000130                 END
              E0028000 
              E01FC140 
              40000400 
              40000300 
              40000200 
              40000100 
              00000000 
Command Line: --debug --xref --apcs=interwork --depend=.\startup.d -o.\startup.
o -IC:\Keil\ARM\RV31\INC -IC:\Keil\ARM\CMSIS\Include -IC:\Keil\ARM\Inc\Philips 
--predefine="__EVAL SETA 1" --list=.\startup.lst startup.s



ARM Macro Assembler    Page 1 Alphabetic symbol ordering
Relocatable symbols

DAbtHandler 00000044

Symbol: DAbtHandler
   Definitions
      At line 63 in file startup.s
   Uses
      At line 56 in file startup.s
      At line 63 in file startup.s

DAbt_Addr 00000030

Symbol: DAbt_Addr
   Definitions
      At line 56 in file startup.s
   Uses
      At line 47 in file startup.s
Comment: DAbt_Addr used once
FIQHandler 000000D4

Symbol: FIQHandler
   Definitions
      At line 120 in file startup.s
   Uses
      At line 59 in file startup.s
Comment: FIQHandler used once
FIQ_Addr 0000003C

Symbol: FIQ_Addr
   Definitions
      At line 59 in file startup.s
   Uses
      At line 50 in file startup.s
Comment: FIQ_Addr used once
IRQHandler 000000B0

Symbol: IRQHandler
   Definitions
      At line 105 in file startup.s
   Uses
      At line 58 in file startup.s
Comment: IRQHandler used once
IRQ_Addr 00000038

Symbol: IRQ_Addr
   Definitions
      At line 58 in file startup.s
   Uses
      At line 49 in file startup.s
Comment: IRQ_Addr used once
PAbtHandler 00000040

Symbol: PAbtHandler
   Definitions
      At line 62 in file startup.s
   Uses
      At line 55 in file startup.s
      At line 62 in file startup.s

PAbt_Addr 0000002C



ARM Macro Assembler    Page 2 Alphabetic symbol ordering
Relocatable symbols


Symbol: PAbt_Addr
   Definitions
      At line 55 in file startup.s
   Uses
      At line 46 in file startup.s
Comment: PAbt_Addr used once
RESET 00000000

Symbol: RESET
   Definitions
      At line 35 in file startup.s
   Uses
      None
Comment: RESET unused
Reset_Addr 00000020

Symbol: Reset_Addr
   Definitions
      At line 52 in file startup.s
   Uses
      At line 43 in file startup.s
Comment: Reset_Addr used once
Reset_Handler 000000F8

Symbol: Reset_Handler
   Definitions
      At line 135 in file startup.s
   Uses
      At line 52 in file startup.s
Comment: Reset_Handler used once
SWIHandler 0000004C

Symbol: SWIHandler
   Definitions
      At line 68 in file startup.s
   Uses
      At line 54 in file startup.s
Comment: SWIHandler used once
SWI_Addr 00000028

Symbol: SWI_Addr
   Definitions
      At line 54 in file startup.s
   Uses
      At line 45 in file startup.s
Comment: SWI_Addr used once
UndefHandler 00000048

Symbol: UndefHandler
   Definitions
      At line 66 in file startup.s
   Uses
      At line 53 in file startup.s
      At line 66 in file startup.s

Undef_Addr 00000024

Symbol: Undef_Addr



ARM Macro Assembler    Page 3 Alphabetic symbol ordering
Relocatable symbols

   Definitions
      At line 53 in file startup.s
   Uses
      At line 44 in file startup.s
Comment: Undef_Addr used once
VECTORS 00000000

Symbol: VECTORS
   Definitions
      At line 41 in file startup.s
   Uses
      None
Comment: VECTORS unused
firstfour 00000090

Symbol: firstfour
   Definitions
      At line 91 in file startup.s
   Uses
      At line 75 in file startup.s
Comment: firstfour used once
lastfour 000000A0

Symbol: lastfour
   Definitions
      At line 98 in file startup.s
   Uses
      At line 77 in file startup.s
Comment: lastfour used once
lighton 00000080

Symbol: lighton
   Definitions
      At line 85 in file startup.s
   Uses
      At line 73 in file startup.s
Comment: lighton used once
turnoff 00000070

Symbol: turnoff
   Definitions
      At line 79 in file startup.s
   Uses
      At line 71 in file startup.s
Comment: turnoff used once
20 symbols



ARM Macro Assembler    Page 1 Alphabetic symbol ordering
Absolute symbols

FIQ_Stack 00000400

Symbol: FIQ_Stack
   Definitions
      At line 17 in file startup.s
   Uses
      At line 137 in file startup.s
Comment: FIQ_Stack used once
F_Bit 00000040

Symbol: F_Bit
   Definitions
      At line 30 in file startup.s
   Uses
      At line 138 in file startup.s
      At line 142 in file startup.s
      At line 146 in file startup.s
      At line 155 in file startup.s

IO0BASE E0028000

Symbol: IO0BASE
   Definitions
      At line 1 in file startup.s
   Uses
      At line 81 in file startup.s
      At line 87 in file startup.s
      At line 94 in file startup.s
      At line 101 in file startup.s
      At line 108 in file startup.s
      At line 123 in file startup.s

IO0CLR 0000000C

Symbol: IO0CLR
   Definitions
      At line 5 in file startup.s
   Uses
      At line 88 in file startup.s
      At line 95 in file startup.s
      At line 102 in file startup.s
      At line 109 in file startup.s
      At line 124 in file startup.s

IO0DIR 00000008

Symbol: IO0DIR
   Definitions
      At line 3 in file startup.s
   Uses
      None
Comment: IO0DIR unused
IO0SET 00000004

Symbol: IO0SET
   Definitions
      At line 4 in file startup.s
   Uses
      At line 82 in file startup.s



ARM Macro Assembler    Page 2 Alphabetic symbol ordering
Absolute symbols

Comment: IO0SET used once
IRQ_Stack 00000300

Symbol: IRQ_Stack
   Definitions
      At line 16 in file startup.s
   Uses
      At line 141 in file startup.s
Comment: IRQ_Stack used once
I_Bit 00000080

Symbol: I_Bit
   Definitions
      At line 29 in file startup.s
   Uses
      At line 138 in file startup.s
      At line 142 in file startup.s
      At line 146 in file startup.s
      At line 155 in file startup.s

Len_ABT_Stack 00000080

Symbol: Len_ABT_Stack
   Definitions
      At line 14 in file startup.s
   Uses
      None
Comment: Len_ABT_Stack unused
Len_FIQ_Stack 00000200

Symbol: Len_FIQ_Stack
   Definitions
      At line 11 in file startup.s
   Uses
      None
Comment: Len_FIQ_Stack unused
Len_IRQ_Stack 00000090

Symbol: Len_IRQ_Stack
   Definitions
      At line 12 in file startup.s
   Uses
      None
Comment: Len_IRQ_Stack unused
Len_SVC_Stack 00000100

Symbol: Len_SVC_Stack
   Definitions
      At line 10 in file startup.s
   Uses
      None
Comment: Len_SVC_Stack unused
Len_SWI_Stack 00000200

Symbol: Len_SWI_Stack
   Definitions
      At line 15 in file startup.s
   Uses
      At line 145 in file startup.s



ARM Macro Assembler    Page 3 Alphabetic symbol ordering
Absolute symbols

Comment: Len_SWI_Stack used once
Len_UND_Stack 00000080

Symbol: Len_UND_Stack
   Definitions
      At line 13 in file startup.s
   Uses
      None
Comment: Len_UND_Stack unused
Mode_ABT 00000017

Symbol: Mode_ABT
   Definitions
      At line 25 in file startup.s
   Uses
      None
Comment: Mode_ABT unused
Mode_FIQ 00000011

Symbol: Mode_FIQ
   Definitions
      At line 24 in file startup.s
   Uses
      At line 138 in file startup.s
Comment: Mode_FIQ used once
Mode_IRQ 00000012

Symbol: Mode_IRQ
   Definitions
      At line 23 in file startup.s
   Uses
      At line 142 in file startup.s
Comment: Mode_IRQ used once
Mode_SVC 00000013

Symbol: Mode_SVC
   Definitions
      At line 20 in file startup.s
   Uses
      None
Comment: Mode_SVC unused
Mode_SWI 00000013

Symbol: Mode_SWI
   Definitions
      At line 21 in file startup.s
   Uses
      At line 146 in file startup.s
Comment: Mode_SWI used once
Mode_UND 0000001B

Symbol: Mode_UND
   Definitions
      At line 22 in file startup.s
   Uses
      None
Comment: Mode_UND unused
Mode_USR 00000010




ARM Macro Assembler    Page 4 Alphabetic symbol ordering
Absolute symbols

Symbol: Mode_USR
   Definitions
      At line 19 in file startup.s
   Uses
      At line 154 in file startup.s
Comment: Mode_USR used once
SRAM 40000000

Symbol: SRAM
   Definitions
      At line 32 in file startup.s
   Uses
      At line 33 in file startup.s
      At line 137 in file startup.s
      At line 141 in file startup.s
      At line 145 in file startup.s

SRAM_BASE 40000000

Symbol: SRAM_BASE
   Definitions
      At line 28 in file startup.s
   Uses
      None
Comment: SRAM_BASE unused
Stack_Top 40000100

Symbol: Stack_Top
   Definitions
      At line 33 in file startup.s
   Uses
      At line 152 in file startup.s
Comment: Stack_Top used once
USR_Stack_Size 00000100

Symbol: USR_Stack_Size
   Definitions
      At line 31 in file startup.s
   Uses
      At line 33 in file startup.s
Comment: USR_Stack_Size used once
delayone 00000001

Symbol: delayone
   Definitions
      At line 6 in file startup.s
   Uses
      At line 110 in file startup.s
      At line 125 in file startup.s

26 symbols



ARM Macro Assembler    Page 1 Alphabetic symbol ordering
External symbols

RTN 00000000

Symbol: RTN
   Definitions
      At line 39 in file startup.s
   Uses
      At line 112 in file startup.s
      At line 127 in file startup.s

user_code 00000000

Symbol: user_code
   Definitions
      At line 38 in file startup.s
   Uses
      At line 158 in file startup.s
Comment: user_code used once
2 symbols
381 symbols in table
