


ARM Macro Assembler    Page 1 


    1 00000000         ; Standard definitions of Mode bits and Interrupt (I & F
                       ) flags in PSR s
    2 00000000 00000010 
                       Mode_USR
                               EQU              0x10
    3 00000000 00000080 
                       I_Bit   EQU              0x80        ; when I bit is set
                                                            , IRQ is disabled
    4 00000000 00000040 
                       F_Bit   EQU              0x40        ; when F bit is set
                                                            , FIQ is disabled
    5 00000000         ;Defintions of User Mode Stack and Size
    6 00000000 00000100 
                       USR_Stack_Size
                               EQU              0x00000100
    7 00000000 40000000 
                       SRAM    EQU              0X40000000
    8 00000000 40000100 
                       Stack_Top
                               EQU              SRAM+USR_Stack_Size
    9 00000000         
   10 00000000                 AREA             RESET, CODE, Readonly
   11 00000000                 ENTRY                        ; The first instruc
                                                            tion to execute fol
                                                            lows
   12 00000000                 ARM
   13 00000000                 IMPORT           user_code
   14 00000000         VECTORS
   15 00000000 E59FF018        LDR              PC,Reset_Addr
   16 00000004 E59FF018        LDR              PC,Undef_Addr
   17 00000008 E59FF018        LDR              PC,SWI_Addr
   18 0000000C E59FF018        LDR              PC,PAbt_Addr
   19 00000010 E59FF018        LDR              PC,DAbt_Addr
   20 00000014 E1A00000        NOP
   21 00000018 E59FF018        LDR              PC,IRQ_Addr
   22 0000001C E59FF018        LDR              PC,FIQ_Addr
   23 00000020 00000000 
                       Reset_Addr
                               DCD              Reset_Handler
   24 00000024 00000000 
                       Undef_Addr
                               DCD              UndefHandler
   25 00000028 00000000 
                       SWI_Addr
                               DCD              SWIHandler
   26 0000002C 00000000 
                       PAbt_Addr
                               DCD              PAbtHandler
   27 00000030 00000000 
                       DAbt_Addr
                               DCD              DAbtHandler
   28 00000034 00000000        DCD              0
   29 00000038 00000000 
                       IRQ_Addr
                               DCD              IRQHandler
   30 0000003C 00000000 
                       FIQ_Addr
                               DCD              FIQHandler
   31 00000040 EAFFFFFE 



ARM Macro Assembler    Page 2 


                       SWIHandler
                               B                SWIHandler
   32 00000044 EAFFFFFE 
                       PAbtHandler
                               B                PAbtHandler
   33 00000048 EAFFFFFE 
                       DAbtHandler
                               B                DAbtHandler
   34 0000004C EAFFFFFE 
                       IRQHandler
                               B                IRQHandler
   35 00000050 EAFFFFFE 
                       FIQHandler
                               B                FIQHandler
   36 00000054 EAFFFFFE 
                       UndefHandler
                               B                UndefHandler
   37 00000058         
   38 00000058         Reset_Handler
   39 00000058         ;initialize the stack, full descending
   40 00000058 E59FD00C        LDR              SP, =Stack_Top
   41 0000005C         ; Enter User Mode with interrupts enabled
   42 0000005C E3A0E010        MOV              r14, #Mode_USR
   43 00000060 E3CEE0C0        BIC              r14,r14,#(I_Bit+F_Bit)
   44 00000064 E121F00E        MSR              cpsr_c, r14
   45 00000068         ;load start address of user code into PC
   46 00000068 E59FF000        LDR              pc, =user_code
   47 0000006C                 END
              40000100 
              00000000 
Command Line: --debug --xref --apcs=interwork --depend=.\mystartup.d -o.\mystar
tup.o -IC:\Keil\ARM\RV31\INC -IC:\Keil\ARM\CMSIS\Include -IC:\Keil\ARM\Inc\Phil
ips --predefine="__EVAL SETA 1" --list=.\mystartup.lst mystartup.s



ARM Macro Assembler    Page 1 Alphabetic symbol ordering
Relocatable symbols

DAbtHandler 00000048

Symbol: DAbtHandler
   Definitions
      At line 33 in file mystartup.s
   Uses
      At line 27 in file mystartup.s
      At line 33 in file mystartup.s

DAbt_Addr 00000030

Symbol: DAbt_Addr
   Definitions
      At line 27 in file mystartup.s
   Uses
      At line 19 in file mystartup.s
Comment: DAbt_Addr used once
FIQHandler 00000050

Symbol: FIQHandler
   Definitions
      At line 35 in file mystartup.s
   Uses
      At line 30 in file mystartup.s
      At line 35 in file mystartup.s

FIQ_Addr 0000003C

Symbol: FIQ_Addr
   Definitions
      At line 30 in file mystartup.s
   Uses
      At line 22 in file mystartup.s
Comment: FIQ_Addr used once
IRQHandler 0000004C

Symbol: IRQHandler
   Definitions
      At line 34 in file mystartup.s
   Uses
      At line 29 in file mystartup.s
      At line 34 in file mystartup.s

IRQ_Addr 00000038

Symbol: IRQ_Addr
   Definitions
      At line 29 in file mystartup.s
   Uses
      At line 21 in file mystartup.s
Comment: IRQ_Addr used once
PAbtHandler 00000044

Symbol: PAbtHandler
   Definitions
      At line 32 in file mystartup.s
   Uses
      At line 26 in file mystartup.s
      At line 32 in file mystartup.s



ARM Macro Assembler    Page 2 Alphabetic symbol ordering
Relocatable symbols


PAbt_Addr 0000002C

Symbol: PAbt_Addr
   Definitions
      At line 26 in file mystartup.s
   Uses
      At line 18 in file mystartup.s
Comment: PAbt_Addr used once
RESET 00000000

Symbol: RESET
   Definitions
      At line 10 in file mystartup.s
   Uses
      None
Comment: RESET unused
Reset_Addr 00000020

Symbol: Reset_Addr
   Definitions
      At line 23 in file mystartup.s
   Uses
      At line 15 in file mystartup.s
Comment: Reset_Addr used once
Reset_Handler 00000058

Symbol: Reset_Handler
   Definitions
      At line 38 in file mystartup.s
   Uses
      At line 23 in file mystartup.s
Comment: Reset_Handler used once
SWIHandler 00000040

Symbol: SWIHandler
   Definitions
      At line 31 in file mystartup.s
   Uses
      At line 25 in file mystartup.s
      At line 31 in file mystartup.s

SWI_Addr 00000028

Symbol: SWI_Addr
   Definitions
      At line 25 in file mystartup.s
   Uses
      At line 17 in file mystartup.s
Comment: SWI_Addr used once
UndefHandler 00000054

Symbol: UndefHandler
   Definitions
      At line 36 in file mystartup.s
   Uses
      At line 24 in file mystartup.s
      At line 36 in file mystartup.s




ARM Macro Assembler    Page 3 Alphabetic symbol ordering
Relocatable symbols

Undef_Addr 00000024

Symbol: Undef_Addr
   Definitions
      At line 24 in file mystartup.s
   Uses
      At line 16 in file mystartup.s
Comment: Undef_Addr used once
VECTORS 00000000

Symbol: VECTORS
   Definitions
      At line 14 in file mystartup.s
   Uses
      None
Comment: VECTORS unused
16 symbols



ARM Macro Assembler    Page 1 Alphabetic symbol ordering
Absolute symbols

F_Bit 00000040

Symbol: F_Bit
   Definitions
      At line 4 in file mystartup.s
   Uses
      At line 43 in file mystartup.s
Comment: F_Bit used once
I_Bit 00000080

Symbol: I_Bit
   Definitions
      At line 3 in file mystartup.s
   Uses
      At line 43 in file mystartup.s
Comment: I_Bit used once
Mode_USR 00000010

Symbol: Mode_USR
   Definitions
      At line 2 in file mystartup.s
   Uses
      At line 42 in file mystartup.s
Comment: Mode_USR used once
SRAM 40000000

Symbol: SRAM
   Definitions
      At line 7 in file mystartup.s
   Uses
      At line 8 in file mystartup.s
Comment: SRAM used once
Stack_Top 40000100

Symbol: Stack_Top
   Definitions
      At line 8 in file mystartup.s
   Uses
      At line 40 in file mystartup.s
Comment: Stack_Top used once
USR_Stack_Size 00000100

Symbol: USR_Stack_Size
   Definitions
      At line 6 in file mystartup.s
   Uses
      At line 8 in file mystartup.s
Comment: USR_Stack_Size used once
6 symbols



ARM Macro Assembler    Page 1 Alphabetic symbol ordering
External symbols

user_code 00000000

Symbol: user_code
   Definitions
      At line 13 in file mystartup.s
   Uses
      At line 46 in file mystartup.s
Comment: user_code used once
1 symbol
356 symbols in table
