


ARM Macro Assembler    Page 1 


    1 00000000         ;AREA Reset, CODE, Readonly
    2 00000000         ;ENTRY
    3 00000000         
    4 00000000         ;NUM1P1  EQU 0x07770000
    5 00000000         ;ADD0    EQU 0x40000000
    6 00000000         
    7 00000000         ;LDR R1, =NUM1P1
    8 00000000         ;MOV R3, R1
    9 00000000         ;LDR R2, =ADD0
   10 00000000         ;STR R3, [R3]
   11 00000000         
   12 00000000         ;stop B stop
   13 00000000         ;END
   14 00000000         
   15 00000000         
   16 00000000         ;;num1
   17 00000000         ;NUM1P1  EQU 0x00000007
   18 00000000         ;NUM1P2  EQU 0x55B0BDD8
   19 00000000         ;NUM1P3  EQU 0xFA9946C1
   20 00000000         ;;NUM1P4  EQU 0xFA9946C1
   21 00000000         ;;num2
   22 00000000         ;NUM2P1  EQU 0x0000000B
   23 00000000         ;NUM2P2  EQU 0xDE2AB8CE
   24 00000000         ;NUM2P3  EQU 0xCAFB7902
   25 00000000         ;;NUM2P4  EQU 0x66667777
   26 00000000         
   27 00000000         ;; NUM1P1             NUM1P2                  NUM1P3    
                                       NUM1P4
   28 00000000         ;;+NUM2P1             NUM2P2                  NUM2P3    
                                       NUM2P4
   29 00000000         ;; ADC ADDS WITH CARRY      ADCS awc and updates c flag 
                          ADDS and updates c flag    ADDS and updates c flag
   30 00000000         
   31 00000000         ;LDR  R1, =NUM1P1
   32 00000000         ;LDR  R2, =NUM1P2
   33 00000000         ;LDR  R3, =NUM1P3
   34 00000000         ;;LDR  R4, =NUM1P4
   35 00000000         ;LDR  R5, =NUM2P1
   36 00000000         ;LDR  R6, =NUM2P2
   37 00000000         ;LDR  R7, =NUM2P3
   38 00000000         ;;LDR  R8, =NUM2P4
   39 00000000         
   40 00000000         
   41 00000000         ;ADDS R9,  R1, R5
   42 00000000         ;ADCS R10, R2, R6
   43 00000000         ;ADC  R12, R4, R8
   44 00000000         
   45 00000000         
   46 00000000         ;;0000001233DB76A6C594BFC3
   47 00000000         
   48 00000000         ;stop b stop
   49 00000000         ;END
   50 00000000         
   51 00000000         
                       
Command Line: --debug --xref --apcs=interwork --depend=.\add2.d -o.\add2.o -IC:
\Keil\ARM\RV31\INC -IC:\Keil\ARM\CMSIS\Include -IC:\Keil\ARM\Inc\Philips --pred
efine="__EVAL SETA 1" --list=.\add2.lst add2.s
331 symbols in table
