


ARM Macro Assembler    Page 1 


    1 00000000                 AREA             Reset, CODE, Readonly
    2 00000000         ENTRY
    3 00000000         
    4 00000000 E3A00101        LDR              R0,=0x40000000
    5 00000004 E3A01064        MOV              R1, #100
    6 00000008 E3A02000        MOV              R2, #0
    7 0000000C E3A03000        MOV              R3, #0
    8 00000010 E3A05000        MOV              R5, #0
    9 00000014 E3A06001        MOV              R6, #1
   10 00000018         
   11 00000018         AGAIN
   12 00000018 E0939006        ADDS             R9,  R3, R6
   13 0000001C E0A28005        ADC              R8,  R2, R5
   14 00000020         
   15 00000020 E5808000        STR              R8, [R0]
   16 00000024 E2800004        ADD              R0, R0, #4
   17 00000028 E5809000        STR              R9, [R0]
   18 0000002C E2800004        ADD              R0, R0, #4
   19 00000030         
   20 00000030 E1A02005        MOV              R2, R5
   21 00000034 E1A03006        MOV              R3, R6
   22 00000038         
   23 00000038 E1A05008        MOV              R5, R8
   24 0000003C E1A06009        MOV              R6, R9
   25 00000040         
   26 00000040 E2511001        SUBS             R1,R1,#1
   27 00000044         
   28 00000044 1AFFFFF3        BNE              AGAIN
   29 00000048         
   30 00000048 EAFFFFFE 
                       stop    B                stop
   31 0000004C                 END
Command Line: --debug --xref --apcs=interwork --depend=.\t2.d -o.\t2.o -IC:\Kei
l\ARM\RV31\INC -IC:\Keil\ARM\CMSIS\Include -IC:\Keil\ARM\Inc\Philips --predefin
e="__EVAL SETA 1" --list=.\t2.lst t2.s



ARM Macro Assembler    Page 1 Alphabetic symbol ordering
Relocatable symbols

AGAIN 00000018

Symbol: AGAIN
   Definitions
      At line 11 in file t2.s
   Uses
      At line 28 in file t2.s
Comment: AGAIN used once
ENTRY 00000000

Symbol: ENTRY
   Definitions
      At line 2 in file t2.s
   Uses
      None
Comment: ENTRY unused
Reset 00000000

Symbol: Reset
   Definitions
      At line 1 in file t2.s
   Uses
      None
Comment: Reset unused
stop 00000048

Symbol: stop
   Definitions
      At line 30 in file t2.s
   Uses
      At line 30 in file t2.s
Comment: stop used once
4 symbols
335 symbols in table
