


ARM Macro Assembler    Page 1 


    1 00000000                 GLOBAL           user_code
    2 00000000                 AREA             mycode,CODE,READONLY
    3 00000000         
    4 00000000 E0028000 
                       IO0_BASE
                               EQU              0xE0028000
    5 00000000 00000000 
                       IO0PIN  EQU              0
    6 00000000 00000008 
                       IO0DIR  EQU              0x8
    7 00000000 00000004 
                       IO0SET  EQU              0x4
    8 00000000 0000000C 
                       IO0CLR  EQU              0xC
    9 00000000         
   10 00000000 E002C000 
                       PINSEL0 EQU              0xE002C000  ;pin function for p
                                                            ort 0, equate symbo
                                                            lic name PINSEL0 as
                                                             address 0xE002C000
                                                            
   11 00000000         
   12 00000000         ;Selecting funcion as GPIO by writing all zeros to given
                        address 
   13 00000000 E3A00000        MOV              r0,#0       ;moves #0 into regi
                                                            ster r0      
   14 00000004 E59F1044        LDR              r1,=PINSEL0 ;puts what is store
                                                            d in register 0xE00
                                                            2C000 (PINSEL0) in 
                                                            r1 register; CANNOT
                                                             PUT MOV, outputs e
                                                            rror in keil
   15 00000008 E5810000        STR              r0,[r1]     ;copies value store
                                                            d in r0 to memory a
                                                            ddress specified by
                                                             r1
   16 0000000C         
   17 0000000C         ;IO0DIR  EQU  0xE0028008   ;writing 1 configures pin to 
                       output, writing 0 to input, IO0DIR assigned to 0xE002800
                       8
   18 0000000C         
   19 0000000C         ;Selecting signal direction of each port pin, we put '1'
                        in each to bit to make it an output pin
   20 0000000C E3A02CFF        MOV              r2, #0x0000FF00 ;moves 0x0000FF
                                                            00 (binary 11111111
                                                            00000000) into r0 r
                                                            egister. Pins 8-15 
                                                            gets declared as ou
                                                            tput 
   21 00000010 E59F303C        LDR              r3, =IO0_BASE
   22 00000014 E3A01008        LDR              r1, =IO0DIR ;puts 0xE0028008 or
                                                             IO0DIR to r1 regis
                                                            ter
   23 00000018 E7812003        STR              r2, [r1,r3] ;copies value store
                                                            d in r2 (0x0000FF00
                                                            ) to memory address
                                                             of r1
   24 0000001C         
   25 0000001C         ;Turn all the LEDS OFF



ARM Macro Assembler    Page 2 


   26 0000001C         ;instead of using PINSEL0 now we are using something els
                       e
   27 0000001C         ;IO0SET  EQU  0XE0028004
   28 0000001C         
   29 0000001C         ;Set certain bits in value register IO0PIN, we select th
                       e bit positions with a 1 value (forcing HIGH, turning th
                       em OFF)
   30 0000001C         ;MOV  r0, #0x0000FF00 ;moves 0x0000FF00 (binary 11111111
                       00000000) into r0 register. (Pins 8-15)
   31 0000001C E3A04004        LDR              r4, =IO0SET ;puts 0XE0028004 or
                                                             IO0SET to r1 regis
                                                            ter
   32 00000020 E7832004        STR              r2,[r3,r4]  ;copies value store
                                                            d in r2 to memory a
                                                            ddress of r3,r4 (AL
                                                            L LEDS OFF)
   33 00000024         
   34 00000024         ;turn them  ON using IO0CLR
   35 00000024         ;IO0CLR  EQU  0XE002800C
   36 00000024         
   37 00000024         ;Clears certain bits in value register IO0PIN, we clear 
                       the bit positions with a 1 value (forcing LOW, turning t
                       hem ON)
   38 00000024         ;MOV  r0, #0x0000FF00 ;moves 0x0000FF00 (binary 11111111
                       00000000) into r0 register. (Pins 8-15)
   39 00000024 E3A0500C        LDR              r5, =IO0CLR ;puts 0XE002800C or
                                                             IO0CLR to r1 regis
                                                            ter
   40 00000028 E7832005        STR              r2,[r3,r5]  ;copies value store
                                                            d in r2 to memory a
                                                            ddress of r3,r5 (AL
                                                            L LEDS ON)
   41 0000002C         LOOP3
   42 0000002C         ;LOOP begin
   43 0000002C E59F9024        LDR              r9,=434782
   44 00000030 E2599001 
                       LOOP    SUBS             r9,r9,#1
   45 00000034 1AFFFFFD        BNE              LOOP
   46 00000038         
   47 00000038         ;turn them OFF again
   48 00000038         ;MOV  r0, #0x0000FF00 ;moves 0x0000FF00 (binary 11111111
                       00000000) into r0 register. (Pins 8-15)
   49 00000038         ;LDR  r1, =IO0SET  ;puts 0XE0028004 or IO0SET to r1 regi
                       ster
   50 00000038 E7832004        STR              r2,[r3,r4]  ;copies value store
                                                            d in r2 to memory a
                                                            ddress of r3,r4 (AL
                                                            L LEDS OFF)
   51 0000003C         
   52 0000003C E59F8014        LDR              r8,=434782
   53 00000040 E2588001 
                       LOOP2   SUBS             r8,r8,#1
   54 00000044 1AFFFFFD        BNE              LOOP2
   55 00000048         ;turn them ON again
   56 00000048         ;MOV  r0, #0x0000FF00 ;moves 0x0000FF00 (binary 11111111
                       00000000) into r0 register. (Pins 8-15)
   57 00000048         ;LDR  r1, =IO0CLR  ;puts 0XE002800C or IO0CLR to r1 regi
                       ster
   58 00000048 E7832005        STR              r2,[r3,r5]  ;copies value store



ARM Macro Assembler    Page 3 


                                                            d in r0 to memory a
                                                            ddress of r1 (ALL L
                                                            EDS ON)
   59 0000004C         
   60 0000004C EAFFFFF6        B                LOOP3
   61 00000050         
   62 00000050         ;Clear certain bits in value register IO0PIN, we select 
                       the bit positions with a 1 value
   63 00000050         ;MOV  r0, #0x00000003 ;moves 0x00000003 (binary 11) into
                        r0 register, so only pins 0 and 1 is  cleared.
   64 00000050         ;LDR  r1, =IO0SET  ;puts 0XE0028004 or IOSET to r1 regis
                       ter
   65 00000050         ;STR  r0, [r1]  ;copies value stored in r0 (0x00000003) 
                       to memory address of r1
   66 00000050         
   67 00000050                 END                          ; End of code
              E002C000 
              E0028000 
              0006A25E 
Command Line: --debug --xref --apcs=interwork --depend=.\lab5.d -o.\lab5.o -IC:
\Keil\ARM\RV31\INC -IC:\Keil\ARM\CMSIS\Include -IC:\Keil\ARM\Inc\Philips --pred
efine="__EVAL SETA 1" --list=.\lab5.lst lab5.s
