


ARM Macro Assembler    Page 1 


    1 00000000                 AREA             Reset, CODE, Readonly
    2 00000000                 ENTRY
    3 00000000 40000000 
                       ADD1    EQU              0x40000000
    4 00000000 40000052 
                       XLOC    EQU              0x40000052
    5 00000000        2 
                       fXLOC   RN               R2
    6 00000000        4 
                       fX      RN               R4
    7 00000000        7 
                       hold    RN               R7
    8 00000000        3 
                       X       RN               R3
    9 00000000        5 
                       temp    RN               R5
   10 00000000        8 
                       COUNT   RN               R8
   11 00000000         
   12 00000000         ; uses 0x40000000 as top of stack pointer
   13 00000000 E59FD068        LDR              sp,    =ADD1
   14 00000004 E59F2068        LDR              fXLOC,  =XLOC
   15 00000008 E3A08064        MOV              COUNT, #100
   16 0000000C E3A04000        MOV              fX,    #0
   17 00000010 E3A03001        MOV              X,     #1
   18 00000014 E1A03005        MOV              X,     temp
   19 00000018 E3A07000        MOV              hold,  #0
   20 0000001C         
   21 0000001C         ;STMIA sp!, {r2-r12, lr}
   22 0000001C EBFFFFFF        BL               polyFun
   23 00000020         ;LDMDB sp!, {r2-r12}
   24 00000020         
   25 00000020         
   26 00000020         ;polynomial function
   27 00000020         polyFun
   28 00000020         again
   29 00000020 E0040393 
                       square  MUL              fX, X, X
   30 00000024 E2555001        SUBS             temp, temp, #1
   31 00000028 0AFFFFFC        BEQ              square
   32 0000002C         
   33 0000002C E0877004        ADD              hold, hold, fX
   34 00000030 E1A03005        MOV              X, temp
   35 00000034 E3A04000        MOV              fX, #0
   36 00000038         
   37 00000038 E1A04083 
                       mult    MOV              fX, X, LSL#1
   38 0000003C E0877004        ADD              hold, hold, fX
   39 00000040 E2533001        SUBS             X, X, #1
   40 00000044 0AFFFFFB        BEQ              mult
   41 00000048         
   42 00000048 E2877001        ADD              hold, hold, #1
   43 0000004C E5827000        STR              hold, [fXLOC]
   44 00000050 E2822004        ADD              fXLOC, fXLOC, #4
   45 00000054 E3A04000        MOV              fX, #0
   46 00000058 E2833001        ADD              X, X, #1
   47 0000005C E1A03005        MOV              X, temp
   48 00000060         
   49 00000060 E2588001        SUBS             COUNT, COUNT, #1



ARM Macro Assembler    Page 2 


   50 00000064         
   51 00000064 0AFFFFED        BEQ              again
   52 00000068 E12FFF1E        BX               LR
   53 0000006C         
   54 0000006C EAFFFFFE 
                       stop    B                stop
   55 00000070                 END
              40000000 
              40000052 
Command Line: --debug --xref --apcs=interwork --depend=.\proj3.d -o.\proj3.o -I
C:\Keil\ARM\RV31\INC -IC:\Keil\ARM\CMSIS\Include -IC:\Keil\ARM\Inc\Philips --pr
edefine="__EVAL SETA 1" --list=.\proj3.lst proj3.s



ARM Macro Assembler    Page 1 Alphabetic symbol ordering
Relocatable symbols

Reset 00000000

Symbol: Reset
   Definitions
      At line 1 in file proj3.s
   Uses
      None
Comment: Reset unused
again 00000020

Symbol: again
   Definitions
      At line 28 in file proj3.s
   Uses
      At line 51 in file proj3.s
Comment: again used once
mult 00000038

Symbol: mult
   Definitions
      At line 37 in file proj3.s
   Uses
      At line 40 in file proj3.s
Comment: mult used once
polyFun 00000020

Symbol: polyFun
   Definitions
      At line 27 in file proj3.s
   Uses
      At line 22 in file proj3.s
Comment: polyFun used once
square 00000020

Symbol: square
   Definitions
      At line 29 in file proj3.s
   Uses
      At line 31 in file proj3.s
Comment: square used once
stop 0000006C

Symbol: stop
   Definitions
      At line 54 in file proj3.s
   Uses
      At line 54 in file proj3.s
Comment: stop used once
6 symbols



ARM Macro Assembler    Page 1 Alphabetic symbol ordering
Absolute symbols

ADD1 40000000

Symbol: ADD1
   Definitions
      At line 3 in file proj3.s
   Uses
      At line 13 in file proj3.s
Comment: ADD1 used once
XLOC 40000052

Symbol: XLOC
   Definitions
      At line 4 in file proj3.s
   Uses
      At line 14 in file proj3.s
Comment: XLOC used once
2 symbols
347 symbols in table
