


ARM Macro Assembler    Page 1 


    1 00000000                 AREA             Reset, CODE, Readonly
    2 00000000         ENTRY
    3 00000000         
    4 00000000 40000004 
                       ADDR    EQU              0x40000004
    5 00000000 40000008 
                       ADDR2   EQU              0x40000008
    6 00000000         
    7 00000000 E3A01111        LDR              R1,=ADDR
    8 00000004 E3A02121        LDR              R2,=ADDR2
    9 00000008         
   10 00000008 E3A0501E        MOV              R5, #30
   11 0000000C E3A0601E        MOV              R6, #30
   12 00000010         
   13 00000010 E3A07000        MOV              R7,#0
   14 00000014 E3A08064        MOV              R8,#100
   15 00000018         
   16 00000018 E59F9064        LDR              R9 ,=GRADES
   17 0000001C E59FA060        LDR              R10 ,=GRADES
   18 00000020         
   19 00000020 E599B000 
                       LOOP1   LDR              R11,[R9]
   20 00000024 E157000B        CMP              R7, R11
   21 00000028         
   22 00000028 2A000000        BHS              CNTU
   23 0000002C         
   24 0000002C E1A0700B        MOV              R7, R11
   25 00000030 E2899004 
                       CNTU    ADD              R9,R9, #4
   26 00000034         
   27 00000034 E2555001        SUBS             R5,R5,#1
   28 00000038 1AFFFFF8        BNE              LOOP1
   29 0000003C         
   30 0000003C E59AC000 
                       LOOP2   LDR              R12,[R10]
   31 00000040 E158000C        CMP              R8, R12
   32 00000044         
   33 00000044 3A000000        BLO              CNT2
   34 00000048         
   35 00000048 E1A0800C        MOV              R8, R12
   36 0000004C E28AA004 
                       CNT2    ADD              R10,R10, #4
   37 00000050         
   38 00000050 E2566001        SUBS             R6,R6,#1
   39 00000054 1AFFFFF8        BNE              LOOP2
   40 00000058         
   41 00000058 E5818000        STR              R8, [R1]
   42 0000005C E5827000        STR              R7, [R2]
   43 00000060         
   44 00000060 43 2D 58 
              5A 59 15 
              62 55 37 
              22 43 57 
              4D 63 17 
              2C 42 4D 
              58 63 43 
              53 52 40 
              25 62 5B 
              49 3A 42 GRADES  DCB              67,45,88,90,89,21,98,85,55,34,6



ARM Macro Assembler    Page 2 


7,87,77,99,23,44,66,77,88,99,67,83,82,64,37,98,91,73,58,66
   45 0000007E         
   46 0000007E         
   47 0000007E 00 00 EAFFFFFE 
                       stop    B                stop
   48 00000084                 END
              00000000 
              00000000 
Command Line: --debug --xref --apcs=interwork --depend=.\proj1.d -o.\proj1.o -I
C:\Keil\ARM\RV31\INC -IC:\Keil\ARM\CMSIS\Include -IC:\Keil\ARM\Inc\Philips --pr
edefine="__EVAL SETA 1" --list=.\proj1.lst proj1.s



ARM Macro Assembler    Page 1 Alphabetic symbol ordering
Relocatable symbols

CNT2 0000004C

Symbol: CNT2
   Definitions
      At line 36 in file proj1.s
   Uses
      At line 33 in file proj1.s
Comment: CNT2 used once
CNTU 00000030

Symbol: CNTU
   Definitions
      At line 25 in file proj1.s
   Uses
      At line 22 in file proj1.s
Comment: CNTU used once
ENTRY 00000000

Symbol: ENTRY
   Definitions
      At line 2 in file proj1.s
   Uses
      None
Comment: ENTRY unused
GRADES 00000060

Symbol: GRADES
   Definitions
      At line 44 in file proj1.s
   Uses
      At line 16 in file proj1.s
      At line 17 in file proj1.s

LOOP1 00000020

Symbol: LOOP1
   Definitions
      At line 19 in file proj1.s
   Uses
      At line 28 in file proj1.s
Comment: LOOP1 used once
LOOP2 0000003C

Symbol: LOOP2
   Definitions
      At line 30 in file proj1.s
   Uses
      At line 39 in file proj1.s
Comment: LOOP2 used once
Reset 00000000

Symbol: Reset
   Definitions
      At line 1 in file proj1.s
   Uses
      None
Comment: Reset unused
stop 00000080




ARM Macro Assembler    Page 2 Alphabetic symbol ordering
Relocatable symbols

Symbol: stop
   Definitions
      At line 47 in file proj1.s
   Uses
      At line 47 in file proj1.s
Comment: stop used once
8 symbols



ARM Macro Assembler    Page 1 Alphabetic symbol ordering
Absolute symbols

ADDR 40000004

Symbol: ADDR
   Definitions
      At line 4 in file proj1.s
   Uses
      At line 7 in file proj1.s
Comment: ADDR used once
ADDR2 40000008

Symbol: ADDR2
   Definitions
      At line 5 in file proj1.s
   Uses
      At line 8 in file proj1.s
Comment: ADDR2 used once
2 symbols
343 symbols in table
