


ARM Macro Assembler    Page 1 


    1 00000000                 GLOBAL           Reset_Handler
    2 00000000                 AREA             Reset, CODE, Readonly
    3 00000000                 ENTRY
    4 00000000         Reset_Handler
    5 00000000         
    6 00000000 40000000 
                       ADD1    EQU              0x40000000
    7 00000000         
    8 00000000 E3A050BF        MOV              R5, #0xBF
    9 00000004         ;LDR R0, ADD1
   10 00000004 E3A01101        LDR              R1,=ADD1
   11 00000008 E59F2000        LDR              R2, ADD2
   12 0000000C E59F3004        LDR              R3,= ADD2
   13 00000010         
   14 00000010 33221100 
                       ADD2    DCD              0x33221100
   15 00000014         
   16 00000014 EAFFFFFE 
                       stop    B                stop
   17 00000018                 END
              00000000 
Command Line: --debug --xref --apcs=interwork --depend=.\l3.d -o.\l3.o -IC:\Kei
l\ARM\RV31\INC -IC:\Keil\ARM\CMSIS\Include -IC:\Keil\ARM\Inc\Philips --predefin
e="__EVAL SETA 1" --list=.\l3.lst l3.s



ARM Macro Assembler    Page 1 Alphabetic symbol ordering
Relocatable symbols

ADD2 00000010

Symbol: ADD2
   Definitions
      At line 14 in file l3.s
   Uses
      At line 11 in file l3.s
      At line 12 in file l3.s

Reset 00000000

Symbol: Reset
   Definitions
      At line 2 in file l3.s
   Uses
      None
Comment: Reset unused
Reset_Handler 00000000

Symbol: Reset_Handler
   Definitions
      At line 4 in file l3.s
   Uses
      At line 1 in file l3.s
Comment: Reset_Handler used once
stop 00000014

Symbol: stop
   Definitions
      At line 16 in file l3.s
   Uses
      At line 16 in file l3.s
Comment: stop used once
4 symbols



ARM Macro Assembler    Page 1 Alphabetic symbol ordering
Absolute symbols

ADD1 40000000

Symbol: ADD1
   Definitions
      At line 6 in file l3.s
   Uses
      At line 10 in file l3.s
Comment: ADD1 used once
1 symbol
338 symbols in table
