


ARM Macro Assembler    Page 1 


    1 00000000                 GLOBAL           Reset_Handler
    2 00000000                 AREA             mycode, CODE, Readonly
    3 00000000         Reset_Handler                        ;this label is nece
                                                            ssary for the first
                                                             line of your code
    4 00000000         
    5 00000000 E002C000 
                       PINSEL0 EQU              0xE002C000  ;equate symbolic na
                                                            me PINSEL0 as addre
                                                            ss 0xE002C000 
    6 00000000         
    7 00000000         ;Selecting funcion as GPIO by writing all zeros to given
                        address 
    8 00000000 E3A00000        MOV              r0, #0      ;moves #0 into regi
                                                            ster r0            
                                                                
    9 00000004 E59F1034        LDR              r1, =PINSEL0 ;puts PINSEL0 in r
                                                            1 register; CANNOT 
                                                            PUT MOV, outputs er
                                                            ror in keil
   10 00000008 E5810000        STR              r0,[r1]     ;copies value store
                                                            d in r0 to memory a
                                                            ddress of r1
   11 0000000C         
   12 0000000C         
   13 0000000C E0028008 
                       IO0DIR  EQU              0xE0028008  ;IO0DIR assigned to
                                                             0xE0028008
   14 0000000C         
   15 0000000C         ;Selecting signal direction of each port pin, we put '1'
                        in each to bit to make it an output pin
   16 0000000C E3A00CFF        MOV              r0, #0x0000FF00
   17 00000010 E59F102C        LDR              r1, =IO0DIR ;puts 0xE0028008 or
                                                             IO0DIR to r1 regis
                                                            ter
   18 00000014 E5810000        STR              r0, [r1]    ;copies value store
                                                            d in r0 (0x0000FF00
                                                            ) to memory address
                                                             of r1
   19 00000018         
   20 00000018         
   21 00000018 E0028000 
                       IO0PIN  EQU              0xE0028000
   22 00000018         
   23 00000018         
   24 00000018         ;task 1
   25 00000018         
   26 00000018 E3A00000        MOV              r0, #0x00000000 ;moves #0x00000
                                                            000 into register r
                                                            0 (0 means ON)
   27 0000001C E59F1024        LDR              r1, =IO0PIN ;puts 0xE0028000 or
                                                             IO0PIN to r1 regis
                                                            ter
   28 00000020 E5810000        STR              r0, [r1]    ;copies value store
                                                            d in r0 (0x0000FF00
                                                            ) to memory address
                                                             of r1 (binary #000
                                                            0000000000000 - ALL
                                                             LEDS ON)



ARM Macro Assembler    Page 2 


   29 00000024         
   30 00000024         ;task 2
   31 00000024         
   32 00000024 E3A03CFF        MOV              r3, #0x0000FF00 ;moves #0 into 
                                                            register r0
   33 00000028 E59F2018        LDR              r2, =IO0PIN ;puts 0xE0028000 or
                                                             IO0PIN to r1 regis
                                                            ter
   34 0000002C E5823000        STR              r3, [r2]    ;copies value store
                                                            d in r0 (0x00000000
                                                            ) to memory address
                                                             of r1 (binary #111
                                                            1111100000000 - ALL
                                                             LEDS OFF)
   35 00000030         ;task 3 
   36 00000030 E3A00C55        MOV              r0, #0x00005500 ;moves #0x00005
                                                            500 into register r
                                                            0
   37 00000034 E59F100C        LDR              r1, =IO0PIN ;puts 0xE0028000 or
                                                             IO0PIN to r1 regis
                                                            ter
   38 00000038 E5810000        STR              r0, [r1]    ;copies value store
                                                            d in r0 (0x00005500
                                                            ) to memory address
                                                             of r1 (binary #101
                                                            010100000000)
   39 0000003C         
   40 0000003C         
   41 0000003C EAFFFFFE 
                       stop    B                stop
   42 00000040                 END                          ; End of code
              E002C000 
              E0028008 
              E0028000 
Command Line: --debug --xref --apcs=interwork --depend=.\lab4tasks.d -o.\lab4ta
sks.o -IC:\Keil\ARM\RV31\INC -IC:\Keil\ARM\CMSIS\Include -IC:\Keil\ARM\Inc\Phil
ips --predefine="__EVAL SETA 1" --list=.\lab4tasks.lst ..\..\..\..\Downloads\la
b4tasks.s



ARM Macro Assembler    Page 1 Alphabetic symbol ordering
Relocatable symbols

Reset_Handler 00000000

Symbol: Reset_Handler
   Definitions
      At line 3 in file ..\..\..\..\Downloads\lab4tasks.s
   Uses
      At line 1 in file ..\..\..\..\Downloads\lab4tasks.s
Comment: Reset_Handler used once
mycode 00000000

Symbol: mycode
   Definitions
      At line 2 in file ..\..\..\..\Downloads\lab4tasks.s
   Uses
      None
Comment: mycode unused
stop 0000003C

Symbol: stop
   Definitions
      At line 41 in file ..\..\..\..\Downloads\lab4tasks.s
   Uses
      At line 41 in file ..\..\..\..\Downloads\lab4tasks.s
Comment: stop used once
3 symbols



ARM Macro Assembler    Page 1 Alphabetic symbol ordering
Absolute symbols

IO0DIR E0028008

Symbol: IO0DIR
   Definitions
      At line 13 in file ..\..\..\..\Downloads\lab4tasks.s
   Uses
      At line 17 in file ..\..\..\..\Downloads\lab4tasks.s
Comment: IO0DIR used once
IO0PIN E0028000

Symbol: IO0PIN
   Definitions
      At line 21 in file ..\..\..\..\Downloads\lab4tasks.s
   Uses
      At line 27 in file ..\..\..\..\Downloads\lab4tasks.s
      At line 33 in file ..\..\..\..\Downloads\lab4tasks.s
      At line 37 in file ..\..\..\..\Downloads\lab4tasks.s

PINSEL0 E002C000

Symbol: PINSEL0
   Definitions
      At line 5 in file ..\..\..\..\Downloads\lab4tasks.s
   Uses
      At line 9 in file ..\..\..\..\Downloads\lab4tasks.s
Comment: PINSEL0 used once
3 symbols
339 symbols in table
