


ARM Macro Assembler    Page 1 


    1 00000000                 GLOBAL           user_code
    2 00000000                 AREA             reset,CODE,READONLY
    3 00000000         ;user_code ;this label is neccessary
    4 00000000         
    5 00000000                 ENTRY
    6 00000000                 IMPORT           RTN
    7 00000000                 IMPORT           cDelay
    8 00000000         
    9 00000000 E0028000 
                       IO0BASE EQU              0xE0028000
   10 00000000         ;IO0PIN  EQU 0
   11 00000000 00000008 
                       IO0DIR  EQU              0x8
   12 00000000 00000004 
                       IO0SET  EQU              0x4
   13 00000000 0000000C 
                       IO0CLR  EQU              0xC
   14 00000000         ;IO0PIN  EQU 0xE0028000  
   15 00000000         
   16 00000000         ;Lab 8 stuff
   17 00000000        7 
                       B_var   RN               7
   18 00000000        8 
                       onoff   RN               8
   19 00000000         
   20 00000000 00061A80 
                       delayone
                               EQU              0x00061A80  ;1 second dely     
                                                             //4mil is about 1 
                                                            second delay for ar
                                                            m
   21 00000000 000186A0 
                       debounce
                               EQU              0x000186A0  ;for testing purpos
                                                            es only
   22 00000000         
   23 00000000         user_code                            ;this label is necc
                                                            essary
   24 00000000         
   25 00000000         
   26 00000000 E002C000 
                       PINSEL0 EQU              0xE002C000  ;pin function for p
                                                            ort 0, equate symbo
                                                            lic name PINSEL0 as
                                                             address 0xE002C000
                                                            
   27 00000000         
   28 00000000         ;;Selecting funcion as GPIO by writing all zeros to give
                       n address 
   29 00000000 E3A00000        MOV              r0,#0       ;moves #0 into regi
                                                            ster r0      
   30 00000004 E59F1128        LDR              r1,=PINSEL0 ;puts what is store
                                                            d in register 0xE00
                                                            2C000 (PINSEL0) in 
                                                            r1 register; CANNOT
                                                             PUT MOV, outputs e
                                                            rror in keil
   31 00000008 E5810000        STR              r0,[r1]     ;copies value store
                                                            d in r0 to memory a



ARM Macro Assembler    Page 2 


                                                            ddress specified by
                                                             r1
   32 0000000C         
   33 0000000C EA00001B        B                task3       ;<------ ENABLE FOR
                                                             TASKS ONLY 
   34 00000010         
   35 00000010         
   36 00000010         ;-------------------------------------------------------
                       --------------------------------------------------   
   37 00000010         ;Task1         ;Turn on lights using delay from another 
                       file
   38 00000010         
   39 00000010         ;Initially Assigning B
   40 00000010 E3A07000        MOV              B_var,#0
   41 00000014         
   42 00000014         ;set IODIRECTION
   43 00000014 EB000040        BL               setIODIR
   44 00000018         ;;Selecting signal direction of each port pin, we put '1
                       ' in each to bit to make it an output pin
   45 00000018         ;MOV  r0, #0x0000FF00  ;moves 0x0000FF00 (binary 1111111
                       100000000) into r0 register. Pins 8-13,15 gets declared 
                       as output and 14 as input 
   46 00000018         ;LDR  r1, =IO0BASE  ;puts 0xE0028008 or IO0DIR to r1 reg
                       ister
   47 00000018         ;STR  r0, [r1,#IO0DIR] ;copies value stored in r0 (0x000
                       0BF00) to memory address of r1
   48 00000018         
   49 00000018 EB000038        BL               clrset
   50 0000001C         
   51 0000001C         task1
   52 0000001C E3570008        CMP              B_var,#8    ;B_var = 8 BEQ next
                                                             loop for task 2
   53 00000020 0A000007        BEQ              task2
   54 00000024         
   55 00000024         turnLow
   56 00000024 E59F510C        LDR              r5,=delayone ;delaying onesec
   57 00000028 EBFFFFFE        BL               RTN         ;branching to exter
                                                            nal file delay_arm.
                                                            s
   58 0000002C         ;for logical shift
   59 0000002C E3A00C01        LDR              r0,=0x00000100 ;binary 10000000
                                                            0 (bit 8)
   60 00000030 E1A00710        LSL              r0,B_var    ;Logical shift left
                                                             of B_var
   61 00000034         
   62 00000034 E59F1100        LDR              r1,=IO0BASE ;forcing low
   63 00000038 E581000C        STR              r0,[r1,#IO0CLR]
   64 0000003C         
   65 0000003C E2877001        ADD              B_var,B_var,#1 ;+1 B_var  
   66 00000040         
   67 00000040 EAFFFFF5        B                task1
   68 00000044         
   69 00000044         
   70 00000044         
   71 00000044         ;-------------------------------------------------------
                       -------------------------------------------------- 
   72 00000044         task2                                ;same as task 1 in 
                                                            C delay
   73 00000044         



ARM Macro Assembler    Page 3 


   74 00000044         ;set IODIRECTION
   75 00000044 EB000034        BL               setIODIR
   76 00000048         ;initally clearing so all lights are back off from task1
                       
   77 00000048 EB00002C        BL               clrset
   78 0000004C         ;initally setting B_var to zero
   79 0000004C E3A07000        MOV              B_var,#0
   80 00000050         
   81 00000050         turnLow2
   82 00000050 E3570008        CMP              B_var, #8   ;
   83 00000054 0A000034        BEQ              endref
   84 00000058         
   85 00000058 E3A00C01        LDR              r0,=0x00000100 ;binary 10000000
                                                            0 (bit 8)      
   86 0000005C E1A00710        LSL              r0,B_var    ;Logical shift left
                                                             of B_var
   87 00000060         
   88 00000060 E59F10D4        LDR              r1,=IO0BASE ;forcing low
   89 00000064 E581000C        STR              r0,[r1,#IO0CLR]
   90 00000068         
   91 00000068 E59F00C8        LDR              r0,=delayone
   92 0000006C EBFFFFFE        BL               cDelay      ;delay subroutine h
                                                            ere
   93 00000070         
   94 00000070 E2877001        ADD              B_var,B_var,#1 ;+1 B_var  
   95 00000074         
   96 00000074 E3570008        CMP              B_var, #8   ;
   97 00000078 0A00002B        BEQ              endref
   98 0000007C         
   99 0000007C EAFFFFF3        B                turnLow2
  100 00000080         
  101 00000080         
  102 00000080         ;-------------------------------------------------------
                       --------------------------------------------------
  103 00000080         task3
  104 00000080 EB00001E        BL               clrset
  105 00000084         
  106 00000084 E59F00A4        LDR              r0,LEDPINS  ;Assigning output f
                                                            or all pins except 
                                                            pin 14 (binary 1011
                                                            111100000000)
  107 00000088 E59F10AC        LDR              r1,=IO0BASE ;puts 0xE0028008 or
                                                             IO0DIR to r1 regis
                                                            ter
  108 0000008C E5810008        STR              r0,[r1,#IO0DIR] ;copies value s
                                                            tored in r0 (0x0000
                                                            BF00) to memory add
                                                            ress of r1
  109 00000090         
  110 00000090 EB00001A        BL               clrset
  111 00000094         
  112 00000094         sts14
  113 00000094         ;Checking pin14 status
  114 00000094 E59F00A0        LDR              r0,=IO0BASE ;also IO0PIN!
  115 00000098 E5909000        LDR              r9,[r0]
  116 0000009C E3190901        TST              r9,#0x00004000 ;testing if pin 
                                                            14 (binary 10000000
                                                            0000000) is a zero 
                                                            (AND operation)



ARM Macro Assembler    Page 4 


  117 000000A0 0A000005        BEQ              onoff_b
  118 000000A4 EAFFFFFA        B                sts14
  119 000000A8         
  120 000000A8         on4led
  121 000000A8 E3A00C0F        LDR              r0,=0xF00
  122 000000AC E59F1088        LDR              r1,=IO0BASE ;forcing low, LED O
                                                            N
  123 000000B0 E581000C        STR              r0,[r1,#IO0CLR]
  124 000000B4 E3A08001        MOV              onoff, #1
  125 000000B8 EA000009        B                rst14
  126 000000BC         
  127 000000BC         onoff_b
  128 000000BC E59F507C        LDR              r5,=debounce ;<----- debouncing
                                                             loop
  129 000000C0 E2555001 
                       LP      SUBS             r5,#1
  130 000000C4 1AFFFFFD        BNE              LP
  131 000000C8         
  132 000000C8 E3180001        TST              onoff,#1
  133 000000CC 0AFFFFF5        BEQ              on4led
  134 000000D0 EAFFFFFF        B                off4led
  135 000000D4         
  136 000000D4         off4led
  137 000000D4 E3A00C0F        LDR              r0,=0xF00
  138 000000D8 E59F105C        LDR              r1,=IO0BASE ;forcing high, LED 
                                                            OFF
  139 000000DC E5810004        STR              r0,[r1,#IO0SET]
  140 000000E0 E3A08000        MOV              onoff, #0
  141 000000E4         
  142 000000E4         
  143 000000E4         
  144 000000E4         rst14                                ;Set Pin 14 to 1 ag
                                                            ain
  145 000000E4         ;Assigns ALL PINS to Input/Output, not sure why this nee
                       ds to be done 
  146 000000E4 E3A00CFF        LDR              r0,=0x0000FF00
  147 000000E8 E59F104C        LDR              r1,=IO0BASE
  148 000000EC E5810008        STR              r0,[r1,#IO0DIR] ;Assigning all 
                                                            as output pins 
  149 000000F0         
  150 000000F0 E59F0038        LDR              r0,LEDPINS  ;setting output for
                                                             all pins but pin14
                                                            
  151 000000F4 E59F1040        LDR              r1,=IO0BASE
  152 000000F8 E5810008        STR              r0,[r1,#IO0DIR]
  153 000000FC         
  154 000000FC EAFFFFE4        B                sts14
  155 00000100         
  156 00000100         
  157 00000100         clrset                               ;initally clearing 
                                                            so all lights are b
                                                            ack off from task1
  158 00000100 E3A00CFF        MOV              r0, #0x0000FF00 ;moves 0x0000FF
                                                            00 (binary 11111111
                                                            00000000) into r0 r
                                                            egister. Pins 8-13,
                                                            15 gets declared as
                                                             output and 14 as i
                                                            nput 



ARM Macro Assembler    Page 5 


  159 00000104 E59F1030        LDR              r1, =IO0BASE ;puts 0xE0028008 o
                                                            r IO0DIR to r1 regi
                                                            ster
  160 00000108 E581000C        STR              r0, [r1,#IO0CLR]
  161 0000010C         
  162 0000010C E3A00CFF        MOV              r0, #0x0000FF00 ;moves 0x0000FF
                                                            00 (binary 11111111
                                                            00000000) into r0 r
                                                            egister. Pins 8-13,
                                                            15 gets declared as
                                                             output and 14 as i
                                                            nput 
  163 00000110 E59F1024        LDR              r1, =IO0BASE ;puts 0xE0028008 o
                                                            r IO0DIR to r1 regi
                                                            ster
  164 00000114 E5810004        STR              r0, [r1,#IO0SET]
  165 00000118         
  166 00000118 E1A0F00E        MOV              PC,lr
  167 0000011C         
  168 0000011C         
  169 0000011C         setIODIR                             ;Selecting signal d
                                                            irection of each po
                                                            rt pin, we put '1' 
                                                            in each to bit to m
                                                            ake it an output pi
                                                            n
  170 0000011C E3A00CFF        MOV              r0, #0x0000FF00 ;moves 0x0000FF
                                                            00 (binary 11111111
                                                            00000000) into r0 r
                                                            egister. Pins 8-13,
                                                            15 gets declared as
                                                             output and 14 as i
                                                            nput 
  171 00000120 E59F1014        LDR              r1, =IO0BASE ;puts 0xE0028008 o
                                                            r IO0DIR to r1 regi
                                                            ster
  172 00000124 E5810008        STR              r0, [r1,#IO0DIR] ;copies value 
                                                            stored in r0 (0x000
                                                            0BF00) to memory ad
                                                            dress of r1
  173 00000128         
  174 00000128 E1A0F00E        MOV              PC,lr
  175 0000012C         
  176 0000012C         
  177 0000012C         
  178 0000012C         ;debounce 
  179 0000012C         ;LDR  r5,=0x2;FA0
  180 0000012C         ;LP   SUBS r5,#1
  181 0000012C         ;BNE  LP
  182 0000012C         
  183 0000012C         ;MOV  PC,lr
  184 0000012C         
  185 0000012C         
  186 0000012C         endref
  187 0000012C EAFFFFFE 
                       stop    B                stop
  188 00000130 0000BF00 
                       LEDPINS DCD              0x0000BF00
  189 00000134                 END                          ; End of code



ARM Macro Assembler    Page 6 


              E002C000 
              00061A80 
              E0028000 
              000186A0 
Command Line: --debug --xref --apcs=interwork --depend=.\lab8_t1.d -o.\lab8_t1.
o -IC:\Keil\ARM\RV31\INC -IC:\Keil\ARM\CMSIS\Include -IC:\Keil\ARM\Inc\Philips 
--predefine="__EVAL SETA 1" --list=.\lab8_t1.lst lab8_t1.s



ARM Macro Assembler    Page 1 Alphabetic symbol ordering
Relocatable symbols

LEDPINS 00000130

Symbol: LEDPINS
   Definitions
      At line 188 in file lab8_t1.s
   Uses
      At line 106 in file lab8_t1.s
      At line 150 in file lab8_t1.s

LP 000000C0

Symbol: LP
   Definitions
      At line 129 in file lab8_t1.s
   Uses
      At line 130 in file lab8_t1.s
Comment: LP used once
clrset 00000100

Symbol: clrset
   Definitions
      At line 157 in file lab8_t1.s
   Uses
      At line 49 in file lab8_t1.s
      At line 77 in file lab8_t1.s
      At line 104 in file lab8_t1.s
      At line 110 in file lab8_t1.s

endref 0000012C

Symbol: endref
   Definitions
      At line 186 in file lab8_t1.s
   Uses
      At line 83 in file lab8_t1.s
      At line 97 in file lab8_t1.s

off4led 000000D4

Symbol: off4led
   Definitions
      At line 136 in file lab8_t1.s
   Uses
      At line 134 in file lab8_t1.s
Comment: off4led used once
on4led 000000A8

Symbol: on4led
   Definitions
      At line 120 in file lab8_t1.s
   Uses
      At line 133 in file lab8_t1.s
Comment: on4led used once
onoff_b 000000BC

Symbol: onoff_b
   Definitions
      At line 127 in file lab8_t1.s
   Uses



ARM Macro Assembler    Page 2 Alphabetic symbol ordering
Relocatable symbols

      At line 117 in file lab8_t1.s
Comment: onoff_b used once
reset 00000000

Symbol: reset
   Definitions
      At line 2 in file lab8_t1.s
   Uses
      None
Comment: reset unused
rst14 000000E4

Symbol: rst14
   Definitions
      At line 144 in file lab8_t1.s
   Uses
      At line 125 in file lab8_t1.s
Comment: rst14 used once
setIODIR 0000011C

Symbol: setIODIR
   Definitions
      At line 169 in file lab8_t1.s
   Uses
      At line 43 in file lab8_t1.s
      At line 75 in file lab8_t1.s

stop 0000012C

Symbol: stop
   Definitions
      At line 187 in file lab8_t1.s
   Uses
      At line 187 in file lab8_t1.s
Comment: stop used once
sts14 00000094

Symbol: sts14
   Definitions
      At line 112 in file lab8_t1.s
   Uses
      At line 118 in file lab8_t1.s
      At line 154 in file lab8_t1.s

task1 0000001C

Symbol: task1
   Definitions
      At line 51 in file lab8_t1.s
   Uses
      At line 67 in file lab8_t1.s
Comment: task1 used once
task2 00000044

Symbol: task2
   Definitions
      At line 72 in file lab8_t1.s
   Uses
      At line 53 in file lab8_t1.s



ARM Macro Assembler    Page 3 Alphabetic symbol ordering
Relocatable symbols

Comment: task2 used once
task3 00000080

Symbol: task3
   Definitions
      At line 103 in file lab8_t1.s
   Uses
      At line 33 in file lab8_t1.s
Comment: task3 used once
turnLow 00000024

Symbol: turnLow
   Definitions
      At line 55 in file lab8_t1.s
   Uses
      None
Comment: turnLow unused
turnLow2 00000050

Symbol: turnLow2
   Definitions
      At line 81 in file lab8_t1.s
   Uses
      At line 99 in file lab8_t1.s
Comment: turnLow2 used once
user_code 00000000

Symbol: user_code
   Definitions
      At line 23 in file lab8_t1.s
   Uses
      At line 1 in file lab8_t1.s
Comment: user_code used once
18 symbols



ARM Macro Assembler    Page 1 Alphabetic symbol ordering
Absolute symbols

IO0BASE E0028000

Symbol: IO0BASE
   Definitions
      At line 9 in file lab8_t1.s
   Uses
      At line 62 in file lab8_t1.s
      At line 88 in file lab8_t1.s
      At line 107 in file lab8_t1.s
      At line 114 in file lab8_t1.s
      At line 122 in file lab8_t1.s
      At line 138 in file lab8_t1.s
      At line 147 in file lab8_t1.s
      At line 151 in file lab8_t1.s
      At line 159 in file lab8_t1.s
      At line 163 in file lab8_t1.s
      At line 171 in file lab8_t1.s

IO0CLR 0000000C

Symbol: IO0CLR
   Definitions
      At line 13 in file lab8_t1.s
   Uses
      At line 63 in file lab8_t1.s
      At line 89 in file lab8_t1.s
      At line 123 in file lab8_t1.s
      At line 160 in file lab8_t1.s

IO0DIR 00000008

Symbol: IO0DIR
   Definitions
      At line 11 in file lab8_t1.s
   Uses
      At line 108 in file lab8_t1.s
      At line 148 in file lab8_t1.s
      At line 152 in file lab8_t1.s
      At line 172 in file lab8_t1.s

IO0SET 00000004

Symbol: IO0SET
   Definitions
      At line 12 in file lab8_t1.s
   Uses
      At line 139 in file lab8_t1.s
      At line 164 in file lab8_t1.s

PINSEL0 E002C000

Symbol: PINSEL0
   Definitions
      At line 26 in file lab8_t1.s
   Uses
      At line 30 in file lab8_t1.s
Comment: PINSEL0 used once
debounce 000186A0




ARM Macro Assembler    Page 2 Alphabetic symbol ordering
Absolute symbols

Symbol: debounce
   Definitions
      At line 21 in file lab8_t1.s
   Uses
      At line 128 in file lab8_t1.s
Comment: debounce used once
delayone 00061A80

Symbol: delayone
   Definitions
      At line 20 in file lab8_t1.s
   Uses
      At line 56 in file lab8_t1.s
      At line 91 in file lab8_t1.s

7 symbols



ARM Macro Assembler    Page 1 Alphabetic symbol ordering
External symbols

RTN 00000000

Symbol: RTN
   Definitions
      At line 6 in file lab8_t1.s
   Uses
      At line 57 in file lab8_t1.s
Comment: RTN used once
cDelay 00000000

Symbol: cDelay
   Definitions
      At line 7 in file lab8_t1.s
   Uses
      At line 92 in file lab8_t1.s
Comment: cDelay used once
2 symbols
362 symbols in table
